{"name": "Проверяем переход с главной страницы в личный кабинет для авторизованного пользователя", "status": "broken", "statusDetails": {"message": "selenium.common.exceptions.ElementClickInterceptedException: Message: Element <p class=\"AppHeader_header__linkText__3q_va ml-2\"> is not clickable at point (1510,44) because another element <div class=\"Modal_modal_overlay__x2ZCr\"> obscures it\nStacktrace:\nRemoteError@chrome://remote/content/shared/RemoteError.sys.mjs:8:8\nWebDriverError@chrome://remote/content/shared/webdriver/Errors.sys.mjs:193:5\nElementClickInterceptedError@chrome://remote/content/shared/webdriver/Errors.sys.mjs:337:5\nwebdriverClickElement@chrome://remote/content/marionette/interaction.sys.mjs:177:11\ninteraction.clickElement@chrome://remote/content/marionette/interaction.sys.mjs:136:11\nclickElement@chrome://remote/content/marionette/actors/MarionetteCommandsChild.sys.mjs:327:29\nreceiveMessage@chrome://remote/content/marionette/actors/MarionetteCommandsChild.sys.mjs:207:31", "trace": "self = <test_profile.TestProfile object at 0x0000023307AFE270>, driver = <selenium.webdriver.firefox.webdriver.WebDriver (session=\"22d17163-7d99-4426-bc9b-8eabb019390d\")>\nregistration = {'accessToken': 'Bearer eyJhbGciOiJIUzI1NiIsInR5cCI6IkpXVCJ9.eyJpZCI6IjY3ODNiZTM1OWVkMjgwMDAxYjU0OTJiYSIsImlhdCI6MTczN....noRYREMvUnsguNZ2fUNxSenRcLdFh0yfmXl1rWDvjIk', 'email': '88643@gmail.com', 'name': 'wklczpxawk', 'password': '2024383'}\n\n    @allure.title(\"Проверяем переход с главной страницы в личный кабинет для авторизованного пользователя\")\n    def test_go_to_profile(self, driver, registration):\n        login_page = LoginPage(driver)\n        login_page.navigate(Urls.LOGIN_PAGE)\n        login_page.fill_in_email(registration['email'])\n        login_page.fill_in_password(registration['password'])\n        login_page.click_login_button()\n        main_page = MainPage(driver)\n        main_page.wait_order_button_visible()\n        expected_url = Urls.MAIN_PAGE\n        assert driver.current_url == expected_url\n>       main_page.click_profile_button()\n\ntests\\test_profile.py:22: \n_ _ _ _ _ _ _ _ _ _ _ _ _ _ _ _ _ _ _ _ _ _ _ _ _ _ _ _ _ _ _ _ _ _ _ _ _ _ _ _ _ _ _ _ _ _ _ _ _ _ _ _ _ _ _ _ _ _ _ _ _ _ _ _ _ _ _ _ _ _ _ _ _ _ _ _ _ _ _ _ _ _ _ _ _ _ _ _ _ _ _ _ _ _ _ _ _ _ _ _ _ _ _ _ _ _ _ _ _ _ _ _ _ _\npages\\main_page.py:15: in click_profile_button\n    self.click_element(MainPageLocators.GO_TO_PROFILE_BUTTON)\npages\\base_page.py:26: in click_element\n    self.find_element(locator).click()\nC:\\Users\\Sasha\\AppData\\Local\\Programs\\Python\\Python312\\Lib\\site-packages\\selenium\\webdriver\\remote\\webelement.py:94: in click\n    self._execute(Command.CLICK_ELEMENT)\nC:\\Users\\Sasha\\AppData\\Local\\Programs\\Python\\Python312\\Lib\\site-packages\\selenium\\webdriver\\remote\\webelement.py:395: in _execute\n    return self._parent.execute(command, params)\nC:\\Users\\Sasha\\AppData\\Local\\Programs\\Python\\Python312\\Lib\\site-packages\\selenium\\webdriver\\remote\\webdriver.py:380: in execute\n    self.error_handler.check_response(response)\n_ _ _ _ _ _ _ _ _ _ _ _ _ _ _ _ _ _ _ _ _ _ _ _ _ _ _ _ _ _ _ _ _ _ _ _ _ _ _ _ _ _ _ _ _ _ _ _ _ _ _ _ _ _ _ _ _ _ _ _ _ _ _ _ _ _ _ _ _ _ _ _ _ _ _ _ _ _ _ _ _ _ _ _ _ _ _ _ _ _ _ _ _ _ _ _ _ _ _ _ _ _ _ _ _ _ _ _ _ _ _ _ _ _\n\nself = <selenium.webdriver.remote.errorhandler.ErrorHandler object at 0x00000233075BBEC0>\nresponse = {'status': 400, 'value': '{\"value\":{\"error\":\"element click intercepted\",\"message\":\"Element <p class=\\\\\"AppHeader_heade...ys.mjs:327:29\\\\nreceiveMessage@chrome://remote/content/marionette/actors/MarionetteCommandsChild.sys.mjs:207:31\\\\n\"}}'}\n\n    def check_response(self, response: Dict[str, Any]) -> None:\n        \"\"\"Checks that a JSON response from the WebDriver does not have an\n        error.\n    \n        :Args:\n         - response - The JSON response from the WebDriver server as a dictionary\n           object.\n    \n        :Raises: If the response contains an error message.\n        \"\"\"\n        status = response.get(\"status\", None)\n        if not status or status == ErrorCode.SUCCESS:\n            return\n        value = None\n        message = response.get(\"message\", \"\")\n        screen: str = response.get(\"screen\", \"\")\n        stacktrace = None\n        if isinstance(status, int):\n            value_json = response.get(\"value\", None)\n            if value_json and isinstance(value_json, str):\n                import json\n    \n                try:\n                    value = json.loads(value_json)\n                    if len(value) == 1:\n                        value = value[\"value\"]\n                    status = value.get(\"error\", None)\n                    if not status:\n                        status = value.get(\"status\", ErrorCode.UNKNOWN_ERROR)\n                        message = value.get(\"value\") or value.get(\"message\")\n                        if not isinstance(message, str):\n                            value = message\n                            message = message.get(\"message\")\n                    else:\n                        message = value.get(\"message\", None)\n                except ValueError:\n                    pass\n    \n        exception_class: Type[WebDriverException]\n        e = ErrorCode()\n        error_codes = [item for item in dir(e) if not item.startswith(\"__\")]\n        for error_code in error_codes:\n            error_info = getattr(ErrorCode, error_code)\n            if isinstance(error_info, list) and status in error_info:\n                exception_class = getattr(ExceptionMapping, error_code, WebDriverException)\n                break\n        else:\n            exception_class = WebDriverException\n    \n        if not value:\n            value = response[\"value\"]\n        if isinstance(value, str):\n            raise exception_class(value)\n        if message == \"\" and \"message\" in value:\n            message = value[\"message\"]\n    \n        screen = None  # type: ignore[assignment]\n        if \"screen\" in value:\n            screen = value[\"screen\"]\n    \n        stacktrace = None\n        st_value = value.get(\"stackTrace\") or value.get(\"stacktrace\")\n        if st_value:\n            if isinstance(st_value, str):\n                stacktrace = st_value.split(\"\\n\")\n            else:\n                stacktrace = []\n                try:\n                    for frame in st_value:\n                        line = frame.get(\"lineNumber\", \"\")\n                        file = frame.get(\"fileName\", \"<anonymous>\")\n                        if line:\n                            file = f\"{file}:{line}\"\n                        meth = frame.get(\"methodName\", \"<anonymous>\")\n                        if \"className\" in frame:\n                            meth = f\"{frame['className']}.{meth}\"\n                        msg = \"    at %s (%s)\"\n                        msg = msg % (meth, file)\n                        stacktrace.append(msg)\n                except TypeError:\n                    pass\n        if exception_class == UnexpectedAlertPresentException:\n            alert_text = None\n            if \"data\" in value:\n                alert_text = value[\"data\"].get(\"text\")\n            elif \"alert\" in value:\n                alert_text = value[\"alert\"].get(\"text\")\n            raise exception_class(message, screen, stacktrace, alert_text)  # type: ignore[call-arg]  # mypy is not smart enough here\n>       raise exception_class(message, screen, stacktrace)\nE       selenium.common.exceptions.ElementClickInterceptedException: Message: Element <p class=\"AppHeader_header__linkText__3q_va ml-2\"> is not clickable at point (1510,44) because another element <div class=\"Modal_modal_overlay__x2ZCr\"> obscures it\nE       Stacktrace:\nE       RemoteError@chrome://remote/content/shared/RemoteError.sys.mjs:8:8\nE       WebDriverError@chrome://remote/content/shared/webdriver/Errors.sys.mjs:193:5\nE       ElementClickInterceptedError@chrome://remote/content/shared/webdriver/Errors.sys.mjs:337:5\nE       webdriverClickElement@chrome://remote/content/marionette/interaction.sys.mjs:177:11\nE       interaction.clickElement@chrome://remote/content/marionette/interaction.sys.mjs:136:11\nE       clickElement@chrome://remote/content/marionette/actors/MarionetteCommandsChild.sys.mjs:327:29\nE       receiveMessage@chrome://remote/content/marionette/actors/MarionetteCommandsChild.sys.mjs:207:31\n\nC:\\Users\\Sasha\\AppData\\Local\\Programs\\Python\\Python312\\Lib\\site-packages\\selenium\\webdriver\\remote\\errorhandler.py:229: ElementClickInterceptedException"}, "steps": [{"name": "Инициализируем браузер", "status": "passed", "parameters": [{"name": "driver", "value": "<selenium.webdriver.firefox.webdriver.WebDriver (session=\"22d17163-7d99-4426-bc9b-8eabb019390d\")>"}], "start": 1736687469398, "stop": 1736687469398}, {"name": "Открываем нужный URL", "status": "passed", "parameters": [{"name": "url", "value": "'https://stellarburgers.nomoreparties.site/login'"}], "start": 1736687469398, "stop": 1736687470442}, {"name": "Заполняем поле Email", "status": "passed", "steps": [{"name": "Ждём, пока элемент станет кликабельным", "status": "passed", "parameters": [{"name": "locator", "value": "('xpath', \"(//div[contains(.,'Email')])[5]\")"}, {"name": "timeout", "value": "60"}], "start": 1736687470442, "stop": 1736687470454}, {"name": "Клик по нужному элементу", "status": "passed", "steps": [{"name": "Ищем нужный элемент", "status": "passed", "parameters": [{"name": "locator", "value": "('xpath', \"(//div[contains(.,'Email')])[5]\")"}, {"name": "timeout", "value": "60"}], "start": 1736687470454, "stop": 1736687470462}], "parameters": [{"name": "locator", "value": "('xpath', \"(//div[contains(.,'Email')])[5]\")"}], "start": 1736687470454, "stop": 1736687470692}, {"name": "Заполняем поля", "status": "passed", "steps": [{"name": "Ищем нужный элемент", "status": "passed", "parameters": [{"name": "locator", "value": "('xpath', \"(//input[@class='text input__textfield text_type_main-default'])[1]\")"}, {"name": "timeout", "value": "60"}], "start": 1736687470692, "stop": 1736687470692}], "parameters": [{"name": "locator", "value": "('xpath', \"(//input[@class='text input__textfield text_type_main-default'])[1]\")"}, {"name": "text", "value": "'88643@gmail.com'"}], "start": 1736687470692, "stop": 1736687470712}], "parameters": [{"name": "text", "value": "'88643@gmail.com'"}], "start": 1736687470442, "stop": 1736687470712}, {"name": "Заполняем поле 'Пароль'", "status": "passed", "steps": [{"name": "Ждём, пока элемент станет кликабельным", "status": "passed", "parameters": [{"name": "locator", "value": "('xpath', \"//label[contains(.,'Пароль')]\")"}, {"name": "timeout", "value": "60"}], "start": 1736687470712, "stop": 1736687470725}, {"name": "Клик по нужному элементу", "status": "passed", "steps": [{"name": "Ищем нужный элемент", "status": "passed", "parameters": [{"name": "locator", "value": "('xpath', \"//label[contains(.,'Пароль')]\")"}, {"name": "timeout", "value": "60"}], "start": 1736687470725, "stop": 1736687470725}], "parameters": [{"name": "locator", "value": "('xpath', \"//label[contains(.,'Пароль')]\")"}], "start": 1736687470725, "stop": 1736687470948}, {"name": "Заполняем поля", "status": "passed", "steps": [{"name": "Ищем нужный элемент", "status": "passed", "parameters": [{"name": "locator", "value": "('xpath', \"//input[contains(@name,'Пароль')]\")"}, {"name": "timeout", "value": "60"}], "start": 1736687470948, "stop": 1736687470948}], "parameters": [{"name": "locator", "value": "('xpath', \"//input[contains(@name,'Пароль')]\")"}, {"name": "text", "value": "'2024383'"}], "start": 1736687470948, "stop": 1736687470957}], "parameters": [{"name": "text", "value": "'2024383'"}], "start": 1736687470712, "stop": 1736687470957}, {"name": "Нажимаем на кнопку 'Войти'", "status": "passed", "steps": [{"name": "Клик по нужному элементу", "status": "passed", "steps": [{"name": "Ищем нужный элемент", "status": "passed", "parameters": [{"name": "locator", "value": "('xpath', \"//button[contains(.,'Войти')]\")"}, {"name": "timeout", "value": "60"}], "start": 1736687470957, "stop": 1736687470957}], "parameters": [{"name": "locator", "value": "('xpath', \"//button[contains(.,'Войти')]\")"}], "start": 1736687470957, "stop": 1736687471172}], "start": 1736687470957, "stop": 1736687471172}, {"name": "Инициализируем браузер", "status": "passed", "parameters": [{"name": "driver", "value": "<selenium.webdriver.firefox.webdriver.WebDriver (session=\"22d17163-7d99-4426-bc9b-8eabb019390d\")>"}], "start": 1736687471172, "stop": 1736687471172}, {"name": "Ожидаем видимости кнопки 'Оформить заказ'", "status": "passed", "steps": [{"name": "Ждём, пока элемент станет видимым", "status": "passed", "parameters": [{"name": "locator", "value": "('xpath', \"//button[contains(.,'Оформить заказ')]\")"}, {"name": "timeout", "value": "60"}], "start": 1736687471172, "stop": 1736687471183}], "start": 1736687471172, "stop": 1736687471183}, {"name": "Кликаем на кнопку 'Личный кабинет' в хедере сайта", "status": "broken", "statusDetails": {"message": "selenium.common.exceptions.ElementClickInterceptedException: Message: Element <p class=\"AppHeader_header__linkText__3q_va ml-2\"> is not clickable at point (1510,44) because another element <div class=\"Modal_modal_overlay__x2ZCr\"> obscures it\nStacktrace:\nRemoteError@chrome://remote/content/shared/RemoteError.sys.mjs:8:8\nWebDriverError@chrome://remote/content/shared/webdriver/Errors.sys.mjs:193:5\nElementClickInterceptedError@chrome://remote/content/shared/webdriver/Errors.sys.mjs:337:5\nwebdriverClickElement@chrome://remote/content/marionette/interaction.sys.mjs:177:11\ninteraction.clickElement@chrome://remote/content/marionette/interaction.sys.mjs:136:11\nclickElement@chrome://remote/content/marionette/actors/MarionetteCommandsChild.sys.mjs:327:29\nreceiveMessage@chrome://remote/content/marionette/actors/MarionetteCommandsChild.sys.mjs:207:31\n\n", "trace": "  File \"C:\\Users\\Sasha\\AppData\\Local\\Programs\\Python\\Python312\\Lib\\site-packages\\allure_commons\\_allure.py\", line 192, in impl\n    return func(*a, **kw)\n           ^^^^^^^^^^^^^^\n  File \"E:\\PycharmProjects\\Diplom_3\\pages\\main_page.py\", line 15, in click_profile_button\n    self.click_element(MainPageLocators.GO_TO_PROFILE_BUTTON)\n  File \"C:\\Users\\Sasha\\AppData\\Local\\Programs\\Python\\Python312\\Lib\\site-packages\\allure_commons\\_allure.py\", line 192, in impl\n    return func(*a, **kw)\n           ^^^^^^^^^^^^^^\n  File \"E:\\PycharmProjects\\Diplom_3\\pages\\base_page.py\", line 26, in click_element\n    self.find_element(locator).click()\n  File \"C:\\Users\\Sasha\\AppData\\Local\\Programs\\Python\\Python312\\Lib\\site-packages\\selenium\\webdriver\\remote\\webelement.py\", line 94, in click\n    self._execute(Command.CLICK_ELEMENT)\n  File \"C:\\Users\\Sasha\\AppData\\Local\\Programs\\Python\\Python312\\Lib\\site-packages\\selenium\\webdriver\\remote\\webelement.py\", line 395, in _execute\n    return self._parent.execute(command, params)\n           ^^^^^^^^^^^^^^^^^^^^^^^^^^^^^^^^^^^^^\n  File \"C:\\Users\\Sasha\\AppData\\Local\\Programs\\Python\\Python312\\Lib\\site-packages\\selenium\\webdriver\\remote\\webdriver.py\", line 380, in execute\n    self.error_handler.check_response(response)\n  File \"C:\\Users\\Sasha\\AppData\\Local\\Programs\\Python\\Python312\\Lib\\site-packages\\selenium\\webdriver\\remote\\errorhandler.py\", line 229, in check_response\n    raise exception_class(message, screen, stacktrace)\n"}, "steps": [{"name": "Клик по нужному элементу", "status": "broken", "statusDetails": {"message": "selenium.common.exceptions.ElementClickInterceptedException: Message: Element <p class=\"AppHeader_header__linkText__3q_va ml-2\"> is not clickable at point (1510,44) because another element <div class=\"Modal_modal_overlay__x2ZCr\"> obscures it\nStacktrace:\nRemoteError@chrome://remote/content/shared/RemoteError.sys.mjs:8:8\nWebDriverError@chrome://remote/content/shared/webdriver/Errors.sys.mjs:193:5\nElementClickInterceptedError@chrome://remote/content/shared/webdriver/Errors.sys.mjs:337:5\nwebdriverClickElement@chrome://remote/content/marionette/interaction.sys.mjs:177:11\ninteraction.clickElement@chrome://remote/content/marionette/interaction.sys.mjs:136:11\nclickElement@chrome://remote/content/marionette/actors/MarionetteCommandsChild.sys.mjs:327:29\nreceiveMessage@chrome://remote/content/marionette/actors/MarionetteCommandsChild.sys.mjs:207:31\n\n", "trace": "  File \"C:\\Users\\Sasha\\AppData\\Local\\Programs\\Python\\Python312\\Lib\\site-packages\\allure_commons\\_allure.py\", line 192, in impl\n    return func(*a, **kw)\n           ^^^^^^^^^^^^^^\n  File \"E:\\PycharmProjects\\Diplom_3\\pages\\base_page.py\", line 26, in click_element\n    self.find_element(locator).click()\n  File \"C:\\Users\\Sasha\\AppData\\Local\\Programs\\Python\\Python312\\Lib\\site-packages\\selenium\\webdriver\\remote\\webelement.py\", line 94, in click\n    self._execute(Command.CLICK_ELEMENT)\n  File \"C:\\Users\\Sasha\\AppData\\Local\\Programs\\Python\\Python312\\Lib\\site-packages\\selenium\\webdriver\\remote\\webelement.py\", line 395, in _execute\n    return self._parent.execute(command, params)\n           ^^^^^^^^^^^^^^^^^^^^^^^^^^^^^^^^^^^^^\n  File \"C:\\Users\\Sasha\\AppData\\Local\\Programs\\Python\\Python312\\Lib\\site-packages\\selenium\\webdriver\\remote\\webdriver.py\", line 380, in execute\n    self.error_handler.check_response(response)\n  File \"C:\\Users\\Sasha\\AppData\\Local\\Programs\\Python\\Python312\\Lib\\site-packages\\selenium\\webdriver\\remote\\errorhandler.py\", line 229, in check_response\n    raise exception_class(message, screen, stacktrace)\n"}, "steps": [{"name": "Ищем нужный элемент", "status": "passed", "parameters": [{"name": "locator", "value": "('xpath', \"//p[contains(.,'Личный Кабинет')]\")"}, {"name": "timeout", "value": "60"}], "start": 1736687471184, "stop": 1736687471187}], "parameters": [{"name": "locator", "value": "('xpath', \"//p[contains(.,'Личный Кабинет')]\")"}], "start": 1736687471184, "stop": 1736687471191}], "start": 1736687471184, "stop": 1736687471192}], "parameters": [{"name": "driver", "value": "'firefox'"}], "start": 1736687469398, "stop": 1736687471192, "uuid": "be8ec276-95e6-4074-99d4-8914799ec594", "historyId": "6f0a18f862b4c973905621c018eeacff", "testCaseId": "e64c818e9423ad867f9958a4f210b237", "fullName": "tests.test_profile.TestProfile#test_go_to_profile", "labels": [{"name": "parentSuite", "value": "tests"}, {"name": "suite", "value": "test_profile"}, {"name": "subSuite", "value": "TestProfile"}, {"name": "host", "value": "DESKTOP-5C5JKNS"}, {"name": "thread", "value": "16456-MainThread"}, {"name": "framework", "value": "pytest"}, {"name": "language", "value": "cpython3"}, {"name": "package", "value": "tests.test_profile"}]}